<?xml version="1.0" encoding="UTF-8"?>
<testng-results ignored="0" total="1" passed="1" failed="0" skipped="0">
  <reporter-output>
  </reporter-output>
  <suite started-at="2023-01-10T16:59:05 IST" name="Default suite" finished-at="2023-01-10T16:59:08 IST" duration-ms="2642">
    <groups>
    </groups>
    <test started-at="2023-01-10T16:59:05 IST" name="Default test" finished-at="2023-01-10T16:59:08 IST" duration-ms="2642">
      <class name="com.rmgAuthenticatioon.BarerTokenTest">
        <test-method signature="barerToken()[pri:0, instance:com.rmgAuthenticatioon.BarerTokenTest@a2431d0]" started-at="2023-01-10T16:59:05 IST" name="barerToken" finished-at="2023-01-10T16:59:08 IST" duration-ms="2606" status="PASS">
          <reporter-output>
          </reporter-output>
        </test-method> <!-- barerToken -->
      </class> <!-- com.rmgAuthenticatioon.BarerTokenTest -->
    </test> <!-- Default test -->
  </suite> <!-- Default suite -->
</testng-results>
